2024-08-18 13:30:58.622 [main] INFO  Freerouting v1.9.0 (build-date: 2023-10-30)
2024-08-18 13:30:59.677 [main] INFO  Opening 'iorodeo_feather_tripler_enc1.dsn'...
2024-08-18 13:30:59.671 [Thread-3] ERROR java/net/http/HttpClient
java.lang.NoClassDefFoundError: java/net/http/HttpClient
	at app.freerouting.management.VersionChecker.run(VersionChecker.java:23) ~[freerouting-executable.jar:unspecified]
	at java.lang.Thread.run(Unknown Source) [?:?]
Caused by: java.lang.ClassNotFoundException: java.net.http.HttpClient
	at jdk.internal.loader.BuiltinClassLoader.loadClass(Unknown Source) ~[?:?]
	at jdk.internal.loader.ClassLoaders$AppClassLoader.loadClass(Unknown Source) ~[?:?]
	at java.lang.ClassLoader.loadClass(Unknown Source) ~[?:?]
	... 2 more
2024-08-18 13:31:05.067 [Thread-22] INFO  Starting auto-routing...
2024-08-18 13:31:06.112 [Thread-22] INFO  Auto-routing was completed in 1.04 seconds.
2024-08-18 13:31:06.213 [Thread-22] INFO  Starting route optimization on 1 thread...
2024-08-18 13:31:08.429 [Thread-22] INFO  Route optimization was completed in 2.21 seconds and it improved the design by ~50.00%.
2024-08-18 13:31:22.864 [AWT-EventQueue-0] INFO  Saving 'iorodeo_feather_tripler_enc1.ses'...
2024-09-08 14:46:49.473 [main] INFO  Freerouting v1.9.0 (build-date: 2023-10-30)
2024-09-08 14:46:49.512 [main] INFO  Settings were loaded from freerouting.json
2024-09-08 14:46:50.526 [Thread-3] ERROR java/net/http/HttpClient
java.lang.NoClassDefFoundError: java/net/http/HttpClient
	at app.freerouting.management.VersionChecker.run(VersionChecker.java:23) ~[freerouting-executable.jar:unspecified]
	at java.lang.Thread.run(Unknown Source) [?:?]
Caused by: java.lang.ClassNotFoundException: java.net.http.HttpClient
	at jdk.internal.loader.BuiltinClassLoader.loadClass(Unknown Source) ~[?:?]
	at jdk.internal.loader.ClassLoaders$AppClassLoader.loadClass(Unknown Source) ~[?:?]
	at java.lang.ClassLoader.loadClass(Unknown Source) ~[?:?]
	... 2 more
2024-09-08 14:47:11.447 [main] INFO  Freerouting v1.9.0 (build-date: 2023-10-30)
2024-09-08 14:47:11.480 [main] INFO  Settings were loaded from freerouting.json
2024-09-08 14:47:12.495 [Thread-3] ERROR java/net/http/HttpClient
java.lang.NoClassDefFoundError: java/net/http/HttpClient
	at app.freerouting.management.VersionChecker.run(VersionChecker.java:23) ~[freerouting-executable.jar:unspecified]
	at java.lang.Thread.run(Unknown Source) [?:?]
Caused by: java.lang.ClassNotFoundException: java.net.http.HttpClient
	at jdk.internal.loader.BuiltinClassLoader.loadClass(Unknown Source) ~[?:?]
	at jdk.internal.loader.ClassLoaders$AppClassLoader.loadClass(Unknown Source) ~[?:?]
	at java.lang.ClassLoader.loadClass(Unknown Source) ~[?:?]
	... 2 more
2024-09-08 14:47:26.707 [main] INFO  Freerouting v1.9.0 (build-date: 2023-10-30)
2024-09-08 14:47:26.739 [main] INFO  Settings were loaded from freerouting.json
2024-09-08 14:47:27.755 [main] INFO  Opening 'iorodeo_feather_tripler_enc1.dsn'...
2024-09-08 14:47:27.753 [Thread-3] ERROR java/net/http/HttpClient
java.lang.NoClassDefFoundError: java/net/http/HttpClient
	at app.freerouting.management.VersionChecker.run(VersionChecker.java:23) ~[freerouting-executable.jar:unspecified]
	at java.lang.Thread.run(Unknown Source) [?:?]
Caused by: java.lang.ClassNotFoundException: java.net.http.HttpClient
	at jdk.internal.loader.BuiltinClassLoader.loadClass(Unknown Source) ~[?:?]
	at jdk.internal.loader.ClassLoaders$AppClassLoader.loadClass(Unknown Source) ~[?:?]
	at java.lang.ClassLoader.loadClass(Unknown Source) ~[?:?]
	... 2 more
2024-09-08 14:47:31.962 [Thread-22] INFO  Starting auto-routing...
2024-09-08 14:47:32.735 [Thread-22] INFO  Auto-routing was completed in 0.77 seconds.
2024-09-08 14:47:32.836 [Thread-22] INFO  Starting route optimization on 1 thread...
2024-09-08 14:47:35.096 [Thread-22] INFO  Route optimization was completed in 2.26 seconds and it improved the design by ~50.40%.
2024-09-08 14:47:55.545 [AWT-EventQueue-0] INFO  Saving 'iorodeo_feather_tripler_enc1.ses'...
